This file contains any messages produced by compilers while
running configure, to aid debugging if configure makes a mistake.

It was created by configure, which was
generated by GNU Autoconf 2.63.  Invocation command line was

  $ ./configure 

## --------- ##
## Platform. ##
## --------- ##

hostname = study.dev.firstp2p.net
uname -m = x86_64
uname -r = 3.10.5-3.el6.x86_64
uname -s = Linux
uname -v = #1 SMP Tue Aug 20 14:10:49 UTC 2013

/usr/bin/uname -p = unknown
/bin/uname -X     = unknown

/bin/arch              = x86_64
/usr/bin/arch -k       = unknown
/usr/convex/getsysinfo = unknown
/usr/bin/hostinfo      = unknown
/bin/machine           = unknown
/usr/bin/oslevel       = unknown
/bin/universe          = unknown

PATH: /usr/lib64/qt-3.3/bin
PATH: /usr/local/bin
PATH: /bin
PATH: /usr/bin
PATH: /usr/local/sbin
PATH: /usr/sbin
PATH: /sbin
PATH: /home/dev/bin
PATH: /apps/php/bin
PATH: /sbin/
PATH: /apps/mysql/bin
PATH: /apps/nginx/sbin
PATH: /usr/local/bin
PATH: /apps/nodejs/bin
PATH: /apps/phalcon-devtools
PATH: /apps/python27/bin/
PATH: /apps/redis/bin/
PATH: /home/dev/bin
PATH: /apps/php/bin
PATH: /sbin/
PATH: /apps/mysql/bin
PATH: /apps/nginx/sbin
PATH: /usr/local/bin
PATH: /apps/nodejs/bin
PATH: /apps/phalcon-devtools
PATH: /apps/python27/bin/


## ----------- ##
## Core tests. ##
## ----------- ##

configure:1982: checking for grep that handles long lines and -e
configure:2042: result: /bin/grep
configure:2047: checking for egrep
configure:2111: result: /bin/grep -E
configure:2116: checking for a sed that does not truncate output
configure:2170: result: /bin/sed
configure:2302: checking for cc
configure:2318: found /usr/bin/cc
configure:2329: result: cc
configure:2363: checking for C compiler version
configure:2371: cc --version >&5
cc (GCC) 4.4.7 20120313 (Red Hat 4.4.7-18)
Copyright (C) 2010 Free Software Foundation, Inc.
This is free software; see the source for copying conditions.  There is NO
warranty; not even for MERCHANTABILITY or FITNESS FOR A PARTICULAR PURPOSE.

configure:2375: $? = 0
configure:2382: cc -v >&5
Using built-in specs.
Target: x86_64-redhat-linux
Configured with: ../configure --prefix=/usr --mandir=/usr/share/man --infodir=/usr/share/info --with-bugurl=http://bugzilla.redhat.com/bugzilla --enable-bootstrap --enable-shared --enable-threads=posix --enable-checking=release --with-system-zlib --enable-__cxa_atexit --disable-libunwind-exceptions --enable-gnu-unique-object --enable-languages=c,c++,objc,obj-c++,java,fortran,ada --enable-java-awt=gtk --disable-dssi --with-java-home=/usr/lib/jvm/java-1.5.0-gcj-1.5.0.0/jre --enable-libgcj-multifile --enable-java-maintainer-mode --with-ecj-jar=/usr/share/java/eclipse-ecj.jar --disable-libjava-multilib --with-ppl --with-cloog --with-tune=generic --with-arch_32=i686 --build=x86_64-redhat-linux
Thread model: posix
gcc version 4.4.7 20120313 (Red Hat 4.4.7-18) (GCC) 
configure:2386: $? = 0
configure:2393: cc -V >&5
cc: '-V' option must have argument
configure:2397: $? = 1
configure:2420: checking for C compiler default output file name
configure:2442: cc    conftest.c  >&5
configure:2446: $? = 0
configure:2484: result: a.out
configure:2503: checking whether the C compiler works
configure:2513: ./a.out
configure:2517: $? = 0
configure:2536: result: yes
configure:2543: checking whether we are cross compiling
configure:2545: result: no
configure:2548: checking for suffix of executables
configure:2555: cc -o conftest    conftest.c  >&5
configure:2559: $? = 0
configure:2585: result: 
configure:2591: checking for suffix of object files
configure:2617: cc -c   conftest.c >&5
configure:2621: $? = 0
configure:2646: result: o
configure:2650: checking whether we are using the GNU C compiler
configure:2679: cc -c   conftest.c >&5
configure:2686: $? = 0
configure:2703: result: yes
configure:2712: checking whether cc accepts -g
configure:2742: cc -c -g  conftest.c >&5
configure:2749: $? = 0
configure:2850: result: yes
configure:2867: checking for cc option to accept ISO C89
configure:2941: cc  -c -g -O2  conftest.c >&5
configure:2948: $? = 0
configure:2971: result: none needed
configure:2995: checking how to run the C preprocessor
configure:3035: cc -E  conftest.c
configure:3042: $? = 0
configure:3073: cc -E  conftest.c
conftest.c:8:28: error: ac_nonexistent.h: No such file or directory
configure:3080: $? = 1
configure: failed program was:
| /* confdefs.h.  */
| #define PACKAGE_NAME ""
| #define PACKAGE_TARNAME ""
| #define PACKAGE_VERSION ""
| #define PACKAGE_STRING ""
| #define PACKAGE_BUGREPORT ""
| /* end confdefs.h.  */
| #include <ac_nonexistent.h>
configure:3113: result: cc -E
configure:3142: cc -E  conftest.c
configure:3149: $? = 0
configure:3180: cc -E  conftest.c
conftest.c:8:28: error: ac_nonexistent.h: No such file or directory
configure:3187: $? = 1
configure: failed program was:
| /* confdefs.h.  */
| #define PACKAGE_NAME ""
| #define PACKAGE_TARNAME ""
| #define PACKAGE_VERSION ""
| #define PACKAGE_STRING ""
| #define PACKAGE_BUGREPORT ""
| /* end confdefs.h.  */
| #include <ac_nonexistent.h>
configure:3229: checking for icc
configure:3242: result: no
configure:3256: checking for suncc
configure:3269: result: no
configure:3287: checking whether cc understands -c and -o together
configure:3319: cc -c conftest.c -o conftest2.o >&5
configure:3323: $? = 0
configure:3329: cc -c conftest.c -o conftest2.o >&5
configure:3333: $? = 0
configure:3388: result: yes
configure:3404: checking for system library directory
configure:3419: result: lib
configure:3426: checking if compiler supports -R
configure:3455: cc -o conftest -g -O2   conftest.c -R /usr/lib  >&5
cc: unrecognized option '-R'
/usr/lib: file not recognized: Is a directory
collect2: ld returned 1 exit status
configure:3462: $? = 1
configure: failed program was:
| /* confdefs.h.  */
| #define PACKAGE_NAME ""
| #define PACKAGE_TARNAME ""
| #define PACKAGE_VERSION ""
| #define PACKAGE_STRING ""
| #define PACKAGE_BUGREPORT ""
| /* end confdefs.h.  */
| 
| int
| main ()
| {
| 
|   ;
|   return 0;
| }
configure:3484: result: no
configure:3489: checking if compiler supports -Wl,-rpath,
configure:3518: cc -o conftest -g -O2   conftest.c -Wl,-rpath,/usr/lib  >&5
configure:3525: $? = 0
configure:3547: result: yes
configure:3596: checking build system type
configure:3614: result: x86_64-unknown-linux-gnu
configure:3636: checking host system type
configure:3651: result: x86_64-unknown-linux-gnu
configure:3673: checking target system type
configure:3688: result: x86_64-unknown-linux-gnu
configure:3797: checking for PHP prefix
configure:3799: result: /apps/php
configure:3801: checking for PHP includes
configure:3803: result: -I/apps/php/include/php -I/apps/php/include/php/main -I/apps/php/include/php/TSRM -I/apps/php/include/php/Zend -I/apps/php/include/php/ext -I/apps/php/include/php/ext/date/lib
configure:3805: checking for PHP extension directory
configure:3807: result: /apps/php/lib/php/extensions/no-debug-non-zts-20100525
configure:3809: checking for PHP installed headers prefix
configure:3811: result: /apps/php/include/php
configure:3814: checking if debug is enabled
configure:3844: result: no
configure:3847: checking if zts is enabled
configure:3877: result: no
configure:3948: checking for re2c
configure:3978: result: no
configure:4003: WARNING: You will need re2c 0.13.4 or later if you want to regenerate PHP parsers.
configure:4017: checking for gawk
configure:4034: found /bin/gawk
configure:4045: result: gawk
configure:4093: checking for gmsm support
configure:4133: result: yes, shared
configure:4142: checking whether to enable gmsm support
configure:4181: result: yes, shared
configure:4825: checking for ld used by cc
configure:4892: result: /usr/bin/ld
configure:4901: checking if the linker (/usr/bin/ld) is GNU ld
configure:4916: result: yes
configure:4921: checking for /usr/bin/ld option to reload object files
configure:4928: result: -r
configure:4946: checking for BSD-compatible nm
configure:4995: result: /usr/bin/nm -B
configure:4999: checking whether ln -s works
configure:5003: result: yes
configure:5010: checking how to recognize dependent libraries
configure:5196: result: pass_all
configure:5281: cc -c -g -O2  conftest.c >&5
configure:5284: $? = 0
configure:5437: checking for ANSI C header files
configure:5467: cc -c -g -O2  conftest.c >&5
configure:5474: $? = 0
configure:5573: cc -o conftest -g -O2   conftest.c  >&5
configure:5577: $? = 0
configure:5583: ./conftest
configure:5587: $? = 0
configure:5605: result: yes
configure:5629: checking for sys/types.h
configure:5650: cc -c -g -O2  conftest.c >&5
configure:5657: $? = 0
configure:5674: result: yes
configure:5629: checking for sys/stat.h
configure:5650: cc -c -g -O2  conftest.c >&5
configure:5657: $? = 0
configure:5674: result: yes
configure:5629: checking for stdlib.h
configure:5650: cc -c -g -O2  conftest.c >&5
configure:5657: $? = 0
configure:5674: result: yes
configure:5629: checking for string.h
configure:5650: cc -c -g -O2  conftest.c >&5
configure:5657: $? = 0
configure:5674: result: yes
configure:5629: checking for memory.h
configure:5650: cc -c -g -O2  conftest.c >&5
configure:5657: $? = 0
configure:5674: result: yes
configure:5629: checking for strings.h
configure:5650: cc -c -g -O2  conftest.c >&5
configure:5657: $? = 0
configure:5674: result: yes
configure:5629: checking for inttypes.h
configure:5650: cc -c -g -O2  conftest.c >&5
configure:5657: $? = 0
configure:5674: result: yes
configure:5629: checking for stdint.h
configure:5650: cc -c -g -O2  conftest.c >&5
configure:5657: $? = 0
configure:5674: result: yes
configure:5629: checking for unistd.h
configure:5650: cc -c -g -O2  conftest.c >&5
configure:5657: $? = 0
configure:5674: result: yes
configure:5704: checking dlfcn.h usability
configure:5721: cc -c -g -O2  conftest.c >&5
configure:5728: $? = 0
configure:5742: result: yes
configure:5746: checking dlfcn.h presence
configure:5761: cc -E  conftest.c
configure:5768: $? = 0
configure:5782: result: yes
configure:5810: checking for dlfcn.h
configure:5819: result: yes
configure:5846: checking the maximum length of command line arguments
configure:5958: result: 1572864
configure:5970: checking command to parse /usr/bin/nm -B output from cc object
configure:6075: cc -c -g -O2  conftest.c >&5
configure:6078: $? = 0
configure:6082: /usr/bin/nm -B conftest.o \| sed -n -e 's/^.*[ 	]\([ABCDGIRSTW][ABCDGIRSTW]*\)[ 	][ 	]*\([_A-Za-z][_A-Za-z0-9]*\)$/\1 \2 \2/p' \> conftest.nm
configure:6085: $? = 0
configure:6137: cc -o conftest -g -O2   conftest.c conftstm.o >&5
configure:6140: $? = 0
configure:6178: result: ok
configure:6182: checking for objdir
configure:6197: result: .libs
configure:6289: checking for ar
configure:6305: found /usr/bin/ar
configure:6316: result: ar
configure:6381: checking for ranlib
configure:6397: found /usr/bin/ranlib
configure:6408: result: ranlib
configure:6473: checking for strip
configure:6489: found /usr/bin/strip
configure:6500: result: strip
configure:7069: checking if cc supports -fno-rtti -fno-exceptions
configure:7087: cc -c -g -O2  -fno-rtti -fno-exceptions conftest.c >&5
cc1: warning: command line option "-fno-rtti" is valid for C++/ObjC++ but not for C
configure:7091: $? = 0
configure:7104: result: no
configure:7119: checking for cc option to produce PIC
configure:7359: result: -fPIC
configure:7367: checking if cc PIC flag -fPIC works
configure:7385: cc -c -g -O2  -fPIC -DPIC conftest.c >&5
configure:7389: $? = 0
configure:7402: result: yes
configure:7430: checking if cc static flag -static works
configure:7458: result: no
configure:7468: checking if cc supports -c -o file.o
configure:7489: cc -c -g -O2  -o out/conftest2.o conftest.c >&5
configure:7493: $? = 0
configure:7515: result: yes
configure:7541: checking whether the cc linker (/usr/bin/ld -m elf_x86_64) supports shared libraries
configure:8469: result: yes
configure:8490: checking whether -lc should be explicitly linked in
configure:8495: cc -c -g -O2  conftest.c >&5
configure:8498: $? = 0
configure:8513: cc -shared conftest.o  -v -Wl,-soname -Wl,conftest -o conftest 2\>\&1 \| grep  -lc  \>/dev/null 2\>\&1
configure:8516: $? = 0
configure:8528: result: no
configure:8536: checking dynamic linker characteristics
configure:9134: result: GNU/Linux ld.so
configure:9158: checking how to hardcode library paths into programs
configure:9183: result: immediate
configure:9197: checking whether stripping libraries is possible
configure:9202: result: yes
configure:10032: checking if libtool supports shared libraries
configure:10034: result: yes
configure:10037: checking whether to build shared libraries
configure:10058: result: yes
configure:10061: checking whether to build static libraries
configure:10065: result: no
configure:10160: result:
creating libtool
configure:13857: creating ./config.status

## ---------------------- ##
## Running config.status. ##
## ---------------------- ##

This file was extended by config.status, which was
generated by GNU Autoconf 2.63.  Invocation command line was

  CONFIG_FILES    = 
  CONFIG_HEADERS  = 
  CONFIG_LINKS    = 
  CONFIG_COMMANDS = 
  $ ./config.status 

on study.dev.firstp2p.net

config.status:606: creating config.h
config.status:740: config.h is unchanged

## ---------------- ##
## Cache variables. ##
## ---------------- ##

ac_cv_build=x86_64-unknown-linux-gnu
ac_cv_c_compiler_gnu=yes
ac_cv_env_CC_set=
ac_cv_env_CC_value=
ac_cv_env_CFLAGS_set=
ac_cv_env_CFLAGS_value=
ac_cv_env_CPPFLAGS_set=
ac_cv_env_CPPFLAGS_value=
ac_cv_env_CPP_set=
ac_cv_env_CPP_value=
ac_cv_env_LDFLAGS_set=
ac_cv_env_LDFLAGS_value=
ac_cv_env_LIBS_set=
ac_cv_env_LIBS_value=
ac_cv_env_build_alias_set=
ac_cv_env_build_alias_value=
ac_cv_env_host_alias_set=
ac_cv_env_host_alias_value=
ac_cv_env_target_alias_set=
ac_cv_env_target_alias_value=
ac_cv_header_dlfcn_h=yes
ac_cv_header_inttypes_h=yes
ac_cv_header_memory_h=yes
ac_cv_header_stdc=yes
ac_cv_header_stdint_h=yes
ac_cv_header_stdlib_h=yes
ac_cv_header_string_h=yes
ac_cv_header_strings_h=yes
ac_cv_header_sys_stat_h=yes
ac_cv_header_sys_types_h=yes
ac_cv_header_unistd_h=yes
ac_cv_host=x86_64-unknown-linux-gnu
ac_cv_objext=o
ac_cv_path_EGREP='/bin/grep -E'
ac_cv_path_GREP=/bin/grep
ac_cv_prog_AWK=gawk
ac_cv_prog_CPP='cc -E'
ac_cv_prog_ac_ct_AR=ar
ac_cv_prog_ac_ct_CC=cc
ac_cv_prog_ac_ct_RANLIB=ranlib
ac_cv_prog_ac_ct_STRIP=strip
ac_cv_prog_cc_c89=
ac_cv_prog_cc_cc_c_o=yes
ac_cv_prog_cc_g=yes
ac_cv_target=x86_64-unknown-linux-gnu
lt_cv_deplibs_check_method=pass_all
lt_cv_file_magic_cmd='$MAGIC_CMD'
lt_cv_file_magic_test_file=
lt_cv_ld_reload_flag=-r
lt_cv_objdir=.libs
lt_cv_path_LD=/usr/bin/ld
lt_cv_path_NM='/usr/bin/nm -B'
lt_cv_path_SED=/bin/sed
lt_cv_prog_compiler_c_o=yes
lt_cv_prog_compiler_pic_works=yes
lt_cv_prog_compiler_rtti_exceptions=no
lt_cv_prog_compiler_static_works=no
lt_cv_prog_gnu_ld=yes
lt_cv_sys_global_symbol_pipe='sed -n -e '\''s/^.*[ 	]\([ABCDGIRSTW][ABCDGIRSTW]*\)[ 	][ 	]*\([_A-Za-z][_A-Za-z0-9]*\)$/\1 \2 \2/p'\'''
lt_cv_sys_global_symbol_to_c_name_address='sed -n -e '\''s/^: \([^ ]*\) $/  {\"\1\", (lt_ptr) 0},/p'\'' -e '\''s/^[BCDEGRST] \([^ ]*\) \([^ ]*\)$/  {"\2", (lt_ptr) \&\2},/p'\'''
lt_cv_sys_global_symbol_to_cdecl='sed -n -e '\''s/^. .* \(.*\)$/extern int \1;/p'\'''
lt_cv_sys_lib_dlsearch_path_spec='/lib /usr/lib /usr/lib64/atlas /usr/lib64/mysql /Data/apps/mysql/lib64 /usr/lib64/qt-3.3/lib /usr/lib/vmware-tools/lib32/libvmGuestLib.so /usr/lib/vmware-tools/lib64/libvmGuestLib.so /usr/lib/vmware-tools/lib32/libvmGuestLibJava.so /usr/lib/vmware-tools/lib64/libvmGuestLibJava.so /usr/lib/vmware-tools/lib32/libDeployPkg.so /usr/lib/vmware-tools/lib64/libDeployPkg.so /usr/lib64/xulrunner /usr/local/lib/ '
lt_cv_sys_lib_search_path_spec='/usr/lib/gcc/x86_64-redhat-linux/4.4.7 /usr/lib64 /lib64'
lt_cv_sys_max_cmd_len=1572864
lt_lt_cv_prog_compiler_c_o='"yes"'
lt_lt_cv_sys_global_symbol_pipe='"sed -n -e '\''s/^.*[ 	]\\([ABCDGIRSTW][ABCDGIRSTW]*\\)[ 	][ 	]*\\([_A-Za-z][_A-Za-z0-9]*\\)\$/\\1 \\2 \\2/p'\''"'
lt_lt_cv_sys_global_symbol_to_c_name_address='"sed -n -e '\''s/^: \\([^ ]*\\) \$/  {\\\"\\1\\\", (lt_ptr) 0},/p'\'' -e '\''s/^[BCDEGRST] \\([^ ]*\\) \\([^ ]*\\)\$/  {\"\\2\", (lt_ptr) \\&\\2},/p'\''"'
lt_lt_cv_sys_global_symbol_to_cdecl='"sed -n -e '\''s/^. .* \\(.*\\)\$/extern int \\1;/p'\''"'
php_cv_cc_dashr=no
php_cv_cc_rpath=yes

## ----------------- ##
## Output variables. ##
## ----------------- ##

AR='ar'
AWK='gawk'
CC='cc'
CFLAGS='-g -O2'
CONFIGURE_COMMAND=' '\''./configure'\'' '
CONFIGURE_OPTIONS=''
CPP='cc -E'
CPPFLAGS=' -DHAVE_CONFIG_H'
DEFS='-DHAVE_CONFIG_H'
DSYMUTIL=''
ECHO='echo'
ECHO_C=''
ECHO_N='-n'
ECHO_T=''
EGREP='/bin/grep -E'
EXEEXT=''
GREP='/bin/grep'
LDFLAGS=''
LIBOBJS=''
LIBS=''
LIBTOOL='$(SHELL) $(top_builddir)/libtool'
LN_S='ln -s'
LTLIBOBJS=''
NMEDIT=''
OBJEXT='o'
PACKAGE_BUGREPORT=''
PACKAGE_NAME=''
PACKAGE_STRING=''
PACKAGE_TARNAME=''
PACKAGE_VERSION=''
PATH_SEPARATOR=':'
RANLIB='ranlib'
RE2C='exit 0;'
SED='/bin/sed'
SHELL='/bin/sh'
SHLIB_DL_SUFFIX_NAME='so'
SHLIB_SUFFIX_NAME='so'
STRIP='strip'
ac_ct_CC='cc'
bindir='${exec_prefix}/bin'
build='x86_64-unknown-linux-gnu'
build_alias=''
build_cpu='x86_64'
build_os='linux-gnu'
build_vendor='unknown'
datadir='${datarootdir}'
datarootdir='${prefix}/share'
docdir='${datarootdir}/doc/${PACKAGE}'
dvidir='${docdir}'
exec_prefix='$(prefix)'
host='x86_64-unknown-linux-gnu'
host_alias='x86_64-unknown-linux-gnu'
host_cpu='x86_64'
host_os='linux-gnu'
host_vendor='unknown'
htmldir='${docdir}'
includedir='${prefix}/include'
infodir='${datarootdir}/info'
libdir='${exec_prefix}/lib'
libexecdir='${exec_prefix}/libexec'
localedir='${datarootdir}/locale'
localstatedir='${prefix}/var'
mandir='${datarootdir}/man'
oldincludedir='/usr/include'
pdfdir='${docdir}'
prefix='/apps/php'
program_transform_name='s,x,x,'
psdir='${docdir}'
sbindir='${exec_prefix}/sbin'
sharedstatedir='${prefix}/com'
sysconfdir='${prefix}/etc'
target='x86_64-unknown-linux-gnu'
target_alias=''
target_cpu='x86_64'
target_os='linux-gnu'
target_vendor='unknown'

## ----------- ##
## confdefs.h. ##
## ----------- ##

#define PACKAGE_NAME ""
#define PACKAGE_TARNAME ""
#define PACKAGE_VERSION ""
#define PACKAGE_STRING ""
#define PACKAGE_BUGREPORT ""
#define COMPILE_DL_GMSM 1
#define STDC_HEADERS 1
#define HAVE_SYS_TYPES_H 1
#define HAVE_SYS_STAT_H 1
#define HAVE_STDLIB_H 1
#define HAVE_STRING_H 1
#define HAVE_MEMORY_H 1
#define HAVE_STRINGS_H 1
#define HAVE_INTTYPES_H 1
#define HAVE_STDINT_H 1
#define HAVE_UNISTD_H 1
#define HAVE_DLFCN_H 1

configure: exit 0
